<?xml version="1.0" encoding="UTF-8"?>
<!-- Generated by org.testng.reporters.JUnitReportReporter -->
<testsuite hostname="caddstudio-PC" failures="0" tests="1" name="com.nopcommerce.testCases.TC_LoginTest_001" time="17.446" errors="0" timestamp="25 Nov 2021 06:10:34 GMT" skipped="0">
  <testcase classname="com.nopcommerce.testCases.TC_LoginTest_001" name="loginTest" time="17.446"/>
</testsuite> <!-- com.nopcommerce.testCases.TC_LoginTest_001 -->
