<?xml version="1.0" encoding="UTF-8"?>
<!-- Generated by org.testng.reporters.JUnitReportReporter -->
<testsuite hostname="caddstudio-PC" failures="0" tests="1" name="com.nopcommerce.testCases.TC_LoginTest_001" time="31.213" errors="0" timestamp="25 Nov 2021 15:09:26 GMT" skipped="0">
  <testcase classname="com.nopcommerce.testCases.TC_LoginTest_001" name="loginTest" time="31.213"/>
</testsuite> <!-- com.nopcommerce.testCases.TC_LoginTest_001 -->
